   1.0000000e+00   7.0604609e-01   7.0000000e+00
   2.0000000e+00   3.1832846e-02   7.0000000e+00
   3.0000000e+00   2.7692298e-01   7.0000000e+00
   4.0000000e+00   4.6171391e-02   7.0000000e+00
   5.0000000e+00   9.7131781e-02   7.0000000e+00
   6.0000000e+00   8.2345783e-01   7.0000000e+00
   7.0000000e+00   6.9482862e-01   7.0000000e+00
   8.0000000e+00   3.1709948e-01   7.0000000e+00
   9.0000000e+00   9.5022205e-01   7.0000000e+00
   1.0000000e+01   3.4446081e-02   7.0000000e+00
   1.1000000e+01   4.3874436e-01   7.0000000e+00
   1.2000000e+01   3.8155846e-01   7.0000000e+00
   1.3000000e+01   7.6551679e-01   7.0000000e+00
   1.4000000e+01   7.9519990e-01   7.0000000e+00
   1.5000000e+01   1.8687260e-01   7.0000000e+00
   1.6000000e+01   4.8976440e-01   7.0000000e+00
   1.7000000e+01   4.4558620e-01   7.0000000e+00
   1.8000000e+01   6.4631301e-01   7.0000000e+00
   1.9000000e+01   7.0936483e-01   7.0000000e+00
   2.0000000e+01   7.5468668e-01   7.0000000e+00
   2.1000000e+01   2.7602508e-01   7.0000000e+00
   2.2000000e+01   6.7970268e-01   7.0000000e+00
   2.3000000e+01   6.5509800e-01   7.0000000e+00
   2.4000000e+01   1.6261174e-01   7.0000000e+00
   2.5000000e+01   1.1899768e-01   7.0000000e+00
   2.6000000e+01   4.9836405e-01   7.0000000e+00
   2.7000000e+01   9.5974396e-01   7.0000000e+00
   2.8000000e+01   3.4038573e-01   7.0000000e+00
   2.9000000e+01   5.8526775e-01   7.0000000e+00
   3.0000000e+01   2.2381194e-01   7.0000000e+00
   3.1000000e+01   7.5126706e-01   7.0000000e+00
   3.2000000e+01   2.5509512e-01   7.0000000e+00
   3.3000000e+01   5.0595705e-01   7.0000000e+00
   3.4000000e+01   6.9907672e-01   7.0000000e+00
   3.5000000e+01   8.9090325e-01   7.0000000e+00
   3.6000000e+01   9.5929143e-01   7.0000000e+00
   3.7000000e+01   5.4721553e-01   7.0000000e+00
   3.8000000e+01   1.3862444e-01   7.0000000e+00
   3.9000000e+01   1.4929401e-01   7.0000000e+00
   4.0000000e+01   2.5750825e-01   7.0000000e+00
   4.1000000e+01   8.4071726e-01   7.0000000e+00
   4.2000000e+01   2.5428218e-01   7.0000000e+00
   4.3000000e+01   8.1428483e-01   7.0000000e+00
   4.4000000e+01   2.4352497e-01   7.0000000e+00
   4.5000000e+01   9.2926362e-01   7.0000000e+00
   4.6000000e+01   3.4998377e-01   7.0000000e+00
   4.7000000e+01   1.9659525e-01   7.0000000e+00
   4.8000000e+01   2.5108386e-01   7.0000000e+00
   4.9000000e+01   6.1604468e-01   7.0000000e+00
   5.0000000e+01   4.7328885e-01   7.0000000e+00
   5.1000000e+01   3.5165951e-01   7.0000000e+00
   5.2000000e+01   8.3082863e-01   7.0000000e+00
   5.3000000e+01   5.8526409e-01   7.0000000e+00
   5.4000000e+01   5.4972361e-01   7.0000000e+00
   5.5000000e+01   9.1719366e-01   7.0000000e+00
   5.6000000e+01   2.8583902e-01   7.0000000e+00
   5.7000000e+01   7.5720023e-01   7.0000000e+00
   5.8000000e+01   7.5372909e-01   7.0000000e+00
   5.9000000e+01   3.8044585e-01   7.0000000e+00
   6.0000000e+01   5.6782164e-01   7.0000000e+00
   6.1000000e+01   7.5854290e-02   7.0000000e+00
   6.2000000e+01   5.3950119e-02   7.0000000e+00
   6.3000000e+01   5.3079755e-01   7.0000000e+00
   6.4000000e+01   7.7916723e-01   7.0000000e+00
   6.5000000e+01   9.3401068e-01   7.0000000e+00
   6.6000000e+01   1.2990621e-01   7.0000000e+00
   6.7000000e+01   5.6882366e-01   7.0000000e+00
   6.8000000e+01   4.6939064e-01   7.0000000e+00
   6.9000000e+01   1.1902070e-02   7.0000000e+00
   7.0000000e+01   3.3712264e-01   7.0000000e+00
   7.1000000e+01   1.6218231e-01   7.0000000e+00
   7.2000000e+01   7.9428454e-01   7.0000000e+00
   7.3000000e+01   3.1121504e-01   7.0000000e+00
   7.4000000e+01   5.2853314e-01   7.0000000e+00
   7.5000000e+01   1.6564873e-01   7.0000000e+00
   7.6000000e+01   6.0198194e-01   7.0000000e+00
   7.7000000e+01   2.6297128e-01   7.0000000e+00
   7.8000000e+01   6.5407910e-01   7.0000000e+00
   7.9000000e+01   6.8921450e-01   7.0000000e+00
   8.0000000e+01   7.4815159e-01   7.0000000e+00
   8.1000000e+01   4.5054160e-01   7.0000000e+00
   8.2000000e+01   8.3821378e-02   7.0000000e+00
   8.3000000e+01   2.2897697e-01   7.0000000e+00
   8.4000000e+01   9.1333736e-01   7.0000000e+00
   8.5000000e+01   1.5237802e-01   7.0000000e+00
   8.6000000e+01   8.2581698e-01   7.0000000e+00
   8.7000000e+01   5.3834244e-01   7.0000000e+00
   8.8000000e+01   9.9613472e-01   7.0000000e+00
   8.9000000e+01   7.8175529e-02   7.0000000e+00
   9.0000000e+01   4.4267827e-01   7.0000000e+00
   9.1000000e+01   1.0665277e-01   7.0000000e+00
   9.2000000e+01   9.6189808e-01   7.0000000e+00
   9.3000000e+01   4.6342241e-03   7.0000000e+00
   9.4000000e+01   7.7491046e-01   7.0000000e+00
   9.5000000e+01   8.1730322e-01   7.0000000e+00
   9.6000000e+01   8.6869471e-01   7.0000000e+00
   9.7000000e+01   8.4435846e-02   7.0000000e+00
   9.8000000e+01   3.9978265e-01   7.0000000e+00
   9.9000000e+01   2.5987040e-01   7.0000000e+00
   1.0000000e+02   8.0006848e-01   7.0000000e+00
   1.0100000e+02   4.3141383e-01   7.0000000e+00
   1.0200000e+02   9.1064759e-01   7.0000000e+00
   1.0300000e+02   1.8184703e-01   7.0000000e+00
   1.0400000e+02   2.6380292e-01   7.0000000e+00
   1.0500000e+02   1.4553898e-01   7.0000000e+00
   1.0600000e+02   1.3606856e-01   7.0000000e+00
   1.0700000e+02   8.6929221e-01   7.0000000e+00
   1.0800000e+02   5.7970459e-01   7.0000000e+00
   1.0900000e+02   5.4986020e-01   7.0000000e+00
   1.1000000e+02   1.4495480e-01   7.0000000e+00
   1.1100000e+02   8.5303112e-01   7.0000000e+00
   1.1200000e+02   6.2205513e-01   7.0000000e+00
   1.1300000e+02   3.5095238e-01   7.0000000e+00
   1.1400000e+02   5.1324954e-01   7.0000000e+00
   1.1500000e+02   4.0180803e-01   7.0000000e+00
   1.1600000e+02   7.5966692e-02   7.0000000e+00
   1.1700000e+02   2.3991615e-01   7.0000000e+00
   1.1800000e+02   1.2331893e-01   7.0000000e+00
   1.1900000e+02   1.8390779e-01   7.0000000e+00
   1.2000000e+02   2.3995253e-01   7.0000000e+00
   1.2100000e+02   4.1726707e-01   7.0000000e+00
   1.2200000e+02   4.9654430e-02   7.0000000e+00
   1.2300000e+02   9.0271611e-01   7.0000000e+00
   1.2400000e+02   9.4478719e-01   7.0000000e+00
   1.2500000e+02   4.9086409e-01   7.0000000e+00
   1.2600000e+02   4.8925264e-01   7.0000000e+00
   1.2700000e+02   3.3771941e-01   7.0000000e+00
   1.2800000e+02   9.0005385e-01   7.0000000e+00
   1.2900000e+02   3.6924678e-01   7.0000000e+00
   1.3000000e+02   1.1120276e-01   7.0000000e+00
   1.3100000e+02   7.8025207e-01   7.0000000e+00
   1.3200000e+02   3.8973884e-01   7.0000000e+00
   1.3300000e+02   2.4169129e-01   7.0000000e+00
   1.3400000e+02   4.0391215e-01   7.0000000e+00
   1.3500000e+02   9.6454525e-02   7.0000000e+00
   1.3600000e+02   1.3197329e-01   7.0000000e+00
   1.3700000e+02   9.4205059e-01   7.0000000e+00
   1.3800000e+02   9.5613454e-01   7.0000000e+00
   1.3900000e+02   5.7520860e-01   7.0000000e+00
   1.4000000e+02   5.9779543e-02   7.0000000e+00
   1.4100000e+02   2.3477991e-01   7.0000000e+00
   1.4200000e+02   3.5315857e-01   7.0000000e+00
   1.4300000e+02   8.2119404e-01   7.0000000e+00
   1.4400000e+02   1.5403438e-02   7.0000000e+00
   1.4500000e+02   4.3023802e-02   7.0000000e+00
   1.4600000e+02   1.6899003e-01   7.0000000e+00
   1.4700000e+02   6.4911547e-01   7.0000000e+00
   1.4800000e+02   7.3172239e-01   7.0000000e+00
   1.4900000e+02   6.4774596e-01   7.0000000e+00
   1.5000000e+02   4.5092371e-01   7.0000000e+00
   1.5100000e+02   5.4700889e-01   7.0000000e+00
   1.5200000e+02   2.9632081e-01   7.0000000e+00
   1.5300000e+02   7.4469281e-01   7.0000000e+00
   1.5400000e+02   1.8895502e-01   7.0000000e+00
   1.5500000e+02   6.8677543e-01   7.0000000e+00
   1.5600000e+02   1.8351116e-01   7.0000000e+00
   1.5700000e+02   3.6848460e-01   7.0000000e+00
   1.5800000e+02   6.2561856e-01   7.0000000e+00
   1.5900000e+02   7.8022744e-01   7.0000000e+00
   1.6000000e+02   8.1125769e-02   7.0000000e+00
   1.6100000e+02   9.2938597e-01   7.0000000e+00
   1.6200000e+02   7.7571268e-01   7.0000000e+00
   1.6300000e+02   4.8679163e-01   7.0000000e+00
   1.6400000e+02   4.3585859e-01   7.0000000e+00
   1.6500000e+02   4.4678375e-01   7.0000000e+00
   1.6600000e+02   3.0634947e-01   7.0000000e+00
   1.6700000e+02   5.0850866e-01   7.0000000e+00
   1.6800000e+02   5.1077156e-01   7.0000000e+00
   1.6900000e+02   8.1762771e-01   7.0000000e+00
   1.7000000e+02   7.9483142e-01   7.0000000e+00
   1.7100000e+02   6.4431813e-01   7.0000000e+00
   1.7200000e+02   3.7860938e-01   7.0000000e+00
   1.7300000e+02   8.1158046e-01   7.0000000e+00
   1.7400000e+02   5.3282559e-01   7.0000000e+00
   1.7500000e+02   3.5072710e-01   7.0000000e+00
   1.7600000e+02   9.3900156e-01   7.0000000e+00
   1.7700000e+02   8.7594281e-01   7.0000000e+00
   1.7800000e+02   5.5015634e-01   7.0000000e+00
   1.7900000e+02   6.2247509e-01   7.0000000e+00
   1.8000000e+02   5.8704470e-01   7.0000000e+00
   1.8100000e+02   2.0774229e-01   7.0000000e+00
   1.8200000e+02   3.0124633e-01   7.0000000e+00
   1.8300000e+02   4.7092335e-01   7.0000000e+00
   1.8400000e+02   2.3048816e-01   7.0000000e+00
   1.8500000e+02   8.4430879e-01   7.0000000e+00
   1.8600000e+02   1.9476429e-01   7.0000000e+00
   1.8700000e+02   2.2592178e-01   7.0000000e+00
   1.8800000e+02   1.7070805e-01   7.0000000e+00
   1.8900000e+02   2.2766430e-01   7.0000000e+00
   1.9000000e+02   4.3569868e-01   7.0000000e+00
   1.9100000e+02   3.1110229e-01   7.0000000e+00
   1.9200000e+02   9.2337964e-01   7.0000000e+00
   1.9300000e+02   4.3020739e-01   7.0000000e+00
   1.9400000e+02   1.8481632e-01   7.0000000e+00
   1.9500000e+02   9.0488097e-01   7.0000000e+00
   1.9600000e+02   9.7974838e-01   7.0000000e+00
   1.9700000e+02   4.3886997e-01   7.0000000e+00
   1.9800000e+02   1.1111922e-01   7.0000000e+00
   1.9900000e+02   2.5806470e-01   7.0000000e+00
   2.0000000e+02   4.0871985e-01   7.0000000e+00
   2.0100000e+02   5.9489607e-01   7.0000000e+00
   2.0200000e+02   2.6221175e-01   7.0000000e+00
   2.0300000e+02   6.0284309e-01   7.0000000e+00
   2.0400000e+02   7.1121578e-01   7.0000000e+00
   2.0500000e+02   2.2174673e-01   7.0000000e+00
   2.0600000e+02   1.1741765e-01   7.0000000e+00
   2.0700000e+02   2.9667587e-01   7.0000000e+00
   2.0800000e+02   3.1877830e-01   7.0000000e+00
   2.0900000e+02   4.2416676e-01   7.0000000e+00
   2.1000000e+02   5.0785828e-01   7.0000000e+00
   2.1100000e+02   8.5515797e-02   7.0000000e+00
   2.1200000e+02   2.6248223e-01   7.0000000e+00
   2.1300000e+02   8.0101462e-01   7.0000000e+00
   2.1400000e+02   2.9220278e-02   7.0000000e+00
   2.1500000e+02   9.2885414e-01   7.0000000e+00
   2.1600000e+02   7.3033086e-01   7.0000000e+00
   2.1700000e+02   4.8860897e-01   7.0000000e+00
   2.1800000e+02   5.7852506e-01   7.0000000e+00
   2.1900000e+02   2.3728358e-01   7.0000000e+00
   2.2000000e+02   4.5884883e-01   7.0000000e+00
   2.2100000e+02   9.6308854e-01   7.0000000e+00
   2.2200000e+02   5.4680572e-01   7.0000000e+00
   2.2300000e+02   5.2113583e-01   7.0000000e+00
   2.2400000e+02   2.3159439e-01   7.0000000e+00
   2.2500000e+02   4.8889774e-01   7.0000000e+00
   2.2600000e+02   6.2406009e-01   7.0000000e+00
   2.2700000e+02   6.7913554e-01   7.0000000e+00
   2.2800000e+02   3.9551522e-01   7.0000000e+00
   2.2900000e+02   3.6743665e-01   7.0000000e+00
   2.3000000e+02   9.8798200e-01   7.0000000e+00
   2.3100000e+02   3.7738866e-02   7.0000000e+00
   2.3200000e+02   8.8516801e-01   7.0000000e+00
   2.3300000e+02   9.1328683e-01   7.0000000e+00
   2.3400000e+02   7.9618387e-01   7.0000000e+00
   2.3500000e+02   9.8712279e-02   7.0000000e+00
   2.3600000e+02   2.6187118e-01   7.0000000e+00
   2.3700000e+02   3.3535684e-01   7.0000000e+00
   2.3800000e+02   6.7972795e-01   7.0000000e+00
   2.3900000e+02   1.3655314e-01   7.0000000e+00
   2.4000000e+02   7.2122750e-01   7.0000000e+00
   2.4100000e+02   1.0676186e-01   7.0000000e+00
   2.4200000e+02   6.5375735e-01   7.0000000e+00
   2.4300000e+02   4.9417394e-01   7.0000000e+00
   2.4400000e+02   7.7905172e-01   7.0000000e+00
   2.4500000e+02   7.1503708e-01   7.0000000e+00
   2.4600000e+02   9.0372056e-01   7.0000000e+00
   2.4700000e+02   8.9092250e-01   7.0000000e+00
   2.4800000e+02   3.3416305e-01   7.0000000e+00
   2.4900000e+02   6.9874583e-01   7.0000000e+00
   2.5000000e+02   1.9780983e-01   7.0000000e+00
   2.5100000e+02   3.0540946e-02   7.0000000e+00
   2.5200000e+02   7.4407426e-01   7.0000000e+00
   2.5300000e+02   5.0002244e-01   7.0000000e+00
   2.5400000e+02   4.7992214e-01   7.0000000e+00
   2.5500000e+02   9.0472224e-01   7.0000000e+00
   2.5600000e+02   6.0986665e-01   7.0000000e+00
   2.5700000e+02   6.1766639e-01   7.0000000e+00
   2.5800000e+02   8.5944231e-01   7.0000000e+00
   2.5900000e+02   8.0548942e-01   7.0000000e+00
   2.6000000e+02   5.7672152e-01   7.0000000e+00
   2.6100000e+02   1.8292247e-01   7.0000000e+00
   2.6200000e+02   2.3993201e-01   7.0000000e+00
   2.6300000e+02   8.8651193e-01   7.0000000e+00
   2.6400000e+02   2.8674152e-02   7.0000000e+00
   2.6500000e+02   4.8990139e-01   7.0000000e+00
   2.6600000e+02   1.6792715e-01   7.0000000e+00
   2.6700000e+02   9.7868065e-01   7.0000000e+00
   2.6800000e+02   7.1269447e-01   7.0000000e+00
   2.6900000e+02   5.0047162e-01   7.0000000e+00
   2.7000000e+02   4.7108837e-01   7.0000000e+00
   2.7100000e+02   5.9618868e-02   7.0000000e+00
   2.7200000e+02   6.8197190e-01   7.0000000e+00
   2.7300000e+02   4.2431138e-02   7.0000000e+00
   2.7400000e+02   7.1445465e-02   7.0000000e+00
   2.7500000e+02   5.2164984e-01   7.0000000e+00
   2.7600000e+02   9.6730026e-02   7.0000000e+00
   2.7700000e+02   8.1814855e-01   7.0000000e+00
   2.7800000e+02   8.1754709e-01   7.0000000e+00
   2.7900000e+02   7.2243959e-01   7.0000000e+00
   2.8000000e+02   1.4986544e-01   7.0000000e+00
   2.8100000e+02   6.5960525e-01   7.0000000e+00
   2.8200000e+02   5.1859494e-01   7.0000000e+00
   2.8300000e+02   9.7297455e-01   7.0000000e+00
   2.8400000e+02   6.4899149e-01   7.0000000e+00
   2.8500000e+02   8.0033058e-01   7.0000000e+00
   2.8600000e+02   4.5379771e-01   7.0000000e+00
   2.8700000e+02   4.3239150e-01   7.0000000e+00
   2.8800000e+02   8.2531380e-01   7.0000000e+00
   2.8900000e+02   8.3469815e-02   7.0000000e+00
   2.9000000e+02   1.3317101e-01   7.0000000e+00
   2.9100000e+02   1.7338861e-01   7.0000000e+00
   2.9200000e+02   3.9093780e-01   7.0000000e+00
   2.9300000e+02   8.3137974e-01   7.0000000e+00
   2.9400000e+02   8.0336439e-01   7.0000000e+00
   2.9500000e+02   6.0471179e-02   7.0000000e+00
   2.9600000e+02   3.9925777e-01   7.0000000e+00
   2.9700000e+02   5.2687583e-01   7.0000000e+00
   2.9800000e+02   4.1679947e-01   7.0000000e+00
   2.9900000e+02   6.5685989e-01   7.0000000e+00
   3.0000000e+02   6.2797336e-01   7.0000000e+00
   3.0100000e+02   2.9198408e-01   7.0000000e+00
   3.0200000e+02   4.3165117e-01   7.0000000e+00
   3.0300000e+02   1.5487126e-02   7.0000000e+00
   3.0400000e+02   9.8406372e-01   7.0000000e+00
   3.0500000e+02   1.6716841e-01   7.0000000e+00
   3.0600000e+02   1.0621634e-01   7.0000000e+00
   3.0700000e+02   3.7240974e-01   7.0000000e+00
   3.0800000e+02   1.9811840e-01   7.0000000e+00
   3.0900000e+02   4.8968764e-01   7.0000000e+00
   3.1000000e+02   3.3949341e-01   7.0000000e+00
   3.1100000e+02   9.5163046e-01   7.0000000e+00
   3.1200000e+02   9.2033204e-01   7.0000000e+00
   3.1300000e+02   5.2676998e-02   7.0000000e+00
   3.1400000e+02   7.3785810e-01   7.0000000e+00
   3.1500000e+02   2.6911943e-01   7.0000000e+00
   3.1600000e+02   4.2283562e-01   7.0000000e+00
   3.1700000e+02   5.4787090e-01   7.0000000e+00
   3.1800000e+02   9.4273698e-01   7.0000000e+00
   3.1900000e+02   4.1774410e-01   7.0000000e+00
   3.2000000e+02   9.8305247e-01   7.0000000e+00
   3.2100000e+02   3.0145495e-01   7.0000000e+00
   3.2200000e+02   7.0109876e-01   7.0000000e+00
   3.2300000e+02   6.6633885e-01   7.0000000e+00
   3.2400000e+02   5.3912647e-01   7.0000000e+00
   3.2500000e+02   6.9810552e-01   7.0000000e+00
   3.2600000e+02   6.6652791e-01   7.0000000e+00
   3.2700000e+02   1.7813245e-01   7.0000000e+00
   3.2800000e+02   1.2801440e-01   7.0000000e+00
   3.2900000e+02   9.9908039e-01   7.0000000e+00
   3.3000000e+02   1.7112107e-01   7.0000000e+00
   3.3100000e+02   3.2600821e-02   7.0000000e+00
   3.3200000e+02   5.6119979e-01   7.0000000e+00
   3.3300000e+02   8.8186650e-01   7.0000000e+00
   3.3400000e+02   6.6917530e-01   7.0000000e+00
   3.3500000e+02   1.9043327e-01   7.0000000e+00
   3.3600000e+02   3.6891655e-01   7.0000000e+00
   3.3700000e+02   4.6072594e-01   7.0000000e+00
   3.3800000e+02   9.8163795e-01   7.0000000e+00
   3.3900000e+02   1.5640495e-01   7.0000000e+00
   3.4000000e+02   8.5552281e-01   7.0000000e+00
   3.4100000e+02   6.4476454e-01   7.0000000e+00
   3.4200000e+02   3.7627221e-01   7.0000000e+00
   3.4300000e+02   1.9092370e-01   7.0000000e+00
   3.4400000e+02   4.2825299e-01   7.0000000e+00
   3.4500000e+02   4.8202206e-01   7.0000000e+00
   3.4600000e+02   1.2061161e-01   7.0000000e+00
   3.4700000e+02   5.8950748e-01   7.0000000e+00
   3.4800000e+02   2.2618768e-01   7.0000000e+00
   3.4900000e+02   3.8461912e-01   7.0000000e+00
   3.5000000e+02   5.8298638e-01   7.0000000e+00
   3.5100000e+02   2.5180612e-01   7.0000000e+00
   3.5200000e+02   2.9044066e-01   7.0000000e+00
   3.5300000e+02   6.1709088e-01   7.0000000e+00
   3.5400000e+02   2.6528091e-01   7.0000000e+00
   3.5500000e+02   8.2437627e-01   7.0000000e+00
   3.5600000e+02   9.8266340e-01   7.0000000e+00
   3.5700000e+02   7.3024879e-01   7.0000000e+00
   3.5800000e+02   3.4387700e-01   7.0000000e+00
   3.5900000e+02   5.8406933e-01   7.0000000e+00
   3.6000000e+02   1.0776902e-01   7.0000000e+00
   3.6100000e+02   9.0630815e-01   7.0000000e+00
   3.6200000e+02   8.7965372e-01   7.0000000e+00
   3.6300000e+02   8.1776056e-01   7.0000000e+00
   3.6400000e+02   2.6072800e-01   7.0000000e+00
   3.6500000e+02   5.9435625e-01   7.0000000e+00
   3.6600000e+02   2.2512593e-02   7.0000000e+00
   3.6700000e+02   4.2525932e-01   7.0000000e+00
   3.6800000e+02   3.1271889e-01   7.0000000e+00
   3.6900000e+02   1.6148474e-01   7.0000000e+00
   3.7000000e+02   1.7876619e-01   7.0000000e+00
   3.7100000e+02   4.2288569e-01   7.0000000e+00
   3.7200000e+02   9.4229339e-02   7.0000000e+00
   3.7300000e+02   5.9852367e-01   7.0000000e+00
   3.7400000e+02   4.7092426e-01   7.0000000e+00
   3.7500000e+02   6.9594931e-01   7.0000000e+00
   3.7600000e+02   6.9988785e-01   7.0000000e+00
   3.7700000e+02   6.3853076e-01   7.0000000e+00
   3.7800000e+02   3.3603836e-02   7.0000000e+00
   3.7900000e+02   6.8806099e-02   7.0000000e+00
   3.8000000e+02   3.1959974e-01   7.0000000e+00
   3.8100000e+02   5.3086428e-01   7.0000000e+00
   3.8200000e+02   6.5444571e-01   7.0000000e+00
   3.8300000e+02   4.0761920e-01   7.0000000e+00
   3.8400000e+02   8.1998122e-01   7.0000000e+00
   3.8500000e+02   7.1835894e-01   7.0000000e+00
   3.8600000e+02   9.6864933e-01   7.0000000e+00
   3.8700000e+02   5.3133391e-01   7.0000000e+00
   3.8800000e+02   3.2514568e-01   7.0000000e+00
   3.8900000e+02   1.0562920e-01   7.0000000e+00
   3.9000000e+02   6.1095866e-01   7.0000000e+00
   3.9100000e+02   7.7880224e-01   7.0000000e+00
   3.9200000e+02   4.2345292e-01   7.0000000e+00
   3.9300000e+02   9.0823286e-02   7.0000000e+00
   3.9400000e+02   2.6647149e-01   7.0000000e+00
   3.9500000e+02   1.5365672e-01   7.0000000e+00
   3.9600000e+02   2.8100530e-01   7.0000000e+00
   3.9700000e+02   4.4008514e-01   7.0000000e+00
   3.9800000e+02   5.2714274e-01   7.0000000e+00
   3.9900000e+02   4.5742437e-01   7.0000000e+00
   4.0000000e+02   8.7537160e-01   7.0000000e+00
   4.0100000e+02   5.1805211e-01   7.0000000e+00
   4.0200000e+02   9.4362262e-01   7.0000000e+00
   4.0300000e+02   6.3770910e-01   7.0000000e+00
   4.0400000e+02   9.5769394e-01   7.0000000e+00
   4.0500000e+02   2.4070704e-01   7.0000000e+00
   4.0600000e+02   6.7612230e-01   7.0000000e+00
   4.0700000e+02   2.8906457e-01   7.0000000e+00
   4.0800000e+02   6.7180817e-01   7.0000000e+00
   4.0900000e+02   6.9514050e-01   7.0000000e+00
   4.1000000e+02   6.7992768e-02   7.0000000e+00
   4.1100000e+02   2.5479016e-01   7.0000000e+00
   4.1200000e+02   2.2404003e-01   7.0000000e+00
   4.1300000e+02   6.6783273e-01   7.0000000e+00
   4.1400000e+02   8.4439216e-01   7.0000000e+00
   4.1500000e+02   3.4446241e-01   7.0000000e+00
   4.1600000e+02   7.8051965e-01   7.0000000e+00
   4.1700000e+02   6.7533207e-01   7.0000000e+00
   4.1800000e+02   6.7153143e-03   7.0000000e+00
   4.1900000e+02   6.0217049e-01   7.0000000e+00
   4.2000000e+02   3.8677119e-01   7.0000000e+00
   4.2100000e+02   9.1599124e-01   7.0000000e+00
   4.2200000e+02   1.1510571e-03   7.0000000e+00
   4.2300000e+02   4.6244916e-01   7.0000000e+00
   4.2400000e+02   4.2434904e-01   7.0000000e+00
   4.2500000e+02   4.6091637e-01   7.0000000e+00
   4.2600000e+02   7.7015973e-01   7.0000000e+00
   4.2700000e+02   3.2247181e-01   7.0000000e+00
   4.2800000e+02   7.8473929e-01   7.0000000e+00
   4.2900000e+02   4.7135715e-01   7.0000000e+00
   4.3000000e+02   3.5762733e-02   7.0000000e+00
   4.3100000e+02   1.7587442e-01   7.0000000e+00
   4.3200000e+02   7.2175803e-01   7.0000000e+00
   4.3300000e+02   4.7348599e-01   7.0000000e+00
   4.3400000e+02   1.5272120e-01   7.0000000e+00
   4.3500000e+02   3.4112461e-01   7.0000000e+00
   4.3600000e+02   6.0738921e-01   7.0000000e+00
   4.3700000e+02   1.9174526e-01   7.0000000e+00
   4.3800000e+02   7.3842684e-01   7.0000000e+00
   4.3900000e+02   2.4284960e-01   7.0000000e+00
   4.4000000e+02   9.1742434e-01   7.0000000e+00
   4.4100000e+02   2.6906159e-01   7.0000000e+00
   4.4200000e+02   7.6550002e-01   7.0000000e+00
   4.4300000e+02   1.8866198e-01   7.0000000e+00
   4.4400000e+02   2.8749817e-01   7.0000000e+00
   4.4500000e+02   9.1113464e-02   7.0000000e+00
   4.4600000e+02   5.7620938e-01   7.0000000e+00
   4.4700000e+02   6.8336324e-01   7.0000000e+00
   4.4800000e+02   5.4659311e-01   7.0000000e+00
   4.4900000e+02   4.2572884e-01   7.0000000e+00
   4.5000000e+02   6.4444278e-01   7.0000000e+00
   4.5100000e+02   6.4761763e-01   7.0000000e+00
   4.5200000e+02   6.7901675e-01   7.0000000e+00
   4.5300000e+02   6.3578671e-01   7.0000000e+00
   4.5400000e+02   9.4517411e-01   7.0000000e+00
   4.5500000e+02   2.0893492e-01   7.0000000e+00
   4.5600000e+02   7.0928170e-01   7.0000000e+00
   4.5700000e+02   2.3623058e-01   7.0000000e+00
   4.5800000e+02   1.1939625e-01   7.0000000e+00
   4.5900000e+02   6.0730394e-01   7.0000000e+00
   4.6000000e+02   4.5013770e-01   7.0000000e+00
   4.6100000e+02   4.5872549e-01   7.0000000e+00
   4.6200000e+02   6.6194475e-01   7.0000000e+00
   4.6300000e+02   7.7028551e-01   7.0000000e+00
   4.6400000e+02   3.5021801e-01   7.0000000e+00
   4.6500000e+02   6.6200960e-01   7.0000000e+00
   4.6600000e+02   4.1615859e-01   7.0000000e+00
   4.6700000e+02   8.4192915e-01   7.0000000e+00
   4.6800000e+02   8.3291682e-01   7.0000000e+00
   4.6900000e+02   2.5644099e-01   7.0000000e+00
   4.7000000e+02   6.1346074e-01   7.0000000e+00
   4.7100000e+02   5.8224916e-01   7.0000000e+00
   4.7200000e+02   5.4073934e-01   7.0000000e+00
   4.7300000e+02   8.6994103e-01   7.0000000e+00
   4.7400000e+02   2.6477903e-01   7.0000000e+00
   4.7500000e+02   3.1807408e-01   7.0000000e+00
   4.7600000e+02   1.1921454e-01   7.0000000e+00
   4.7700000e+02   9.3982947e-01   7.0000000e+00
   4.7800000e+02   6.4555187e-01   7.0000000e+00
   4.7900000e+02   4.7946322e-01   7.0000000e+00
   4.8000000e+02   6.3931696e-01   7.0000000e+00
   4.8100000e+02   5.4471611e-01   7.0000000e+00
   4.8200000e+02   6.4731148e-01   7.0000000e+00
   4.8300000e+02   5.4388593e-01   7.0000000e+00
   4.8400000e+02   7.2104662e-01   7.0000000e+00
   4.8500000e+02   5.2249531e-01   7.0000000e+00
   4.8600000e+02   9.9370462e-01   7.0000000e+00
   4.8700000e+02   2.1867663e-01   7.0000000e+00
   4.8800000e+02   1.0579827e-01   7.0000000e+00
   4.8900000e+02   1.0969746e-01   7.0000000e+00
   4.9000000e+02   6.3591371e-02   7.0000000e+00
   4.9100000e+02   4.0458000e-01   7.0000000e+00
   4.9200000e+02   4.4837291e-01   7.0000000e+00
   4.9300000e+02   3.6581618e-01   7.0000000e+00
   4.9400000e+02   7.6350464e-01   7.0000000e+00
   4.9500000e+02   6.2789638e-01   7.0000000e+00
   4.9600000e+02   7.7198039e-01   7.0000000e+00
   4.9700000e+02   9.3285357e-01   7.0000000e+00
   4.9800000e+02   9.7274085e-01   7.0000000e+00
   4.9900000e+02   1.9202835e-01   7.0000000e+00
   5.0000000e+02   1.3887420e-01   7.0000000e+00
